Build started 2016/5/3 11:34:40.
     1>Project "C:\Users\Administrator\Documents\Visual Studio 2015\Projects\Project3\Minesweeper.vcxproj" on node 2 (Build target(s)).
     1>ClCompile:
         C:\Program Files (x86)\Microsoft Visual Studio 14.0\VC\bin\CL.exe /c /I"C:\Users\Administrator\Documents\Visual Studio 2015\Projects\Project3\packages\nupengl.core.0.1.0.1\build\native\../..//build/native/include/" /Zi /nologo /W3 /WX- /Od /Oy- /D WIN32 /D _DEBUG /D _CONSOLE /Gm /EHsc /RTC1 /MDd /GS /fp:precise /Zc:wchar_t /Zc:forScope /Zc:inline /Fo"Debug\\" /Fd"Debug\vc140.pdb" /Gd /TP /analyze- /errorReport:prompt project3\printer.cpp
         printer.cpp
     1>project3\printer.cpp(14): warning C4244: 'argument': conversion from 'int' to 'GLfloat', possible loss of data
     1>project3\printer.cpp(15): warning C4244: 'argument': conversion from 'int' to 'GLfloat', possible loss of data
     1>project3\printer.cpp(16): warning C4244: 'argument': conversion from 'int' to 'GLfloat', possible loss of data
     1>project3\printer.cpp(17): warning C4244: 'argument': conversion from 'int' to 'GLfloat', possible loss of data
     1>project3\printer.cpp(21): warning C4244: 'argument': conversion from 'int' to 'GLfloat', possible loss of data
     1>project3\printer.cpp(22): warning C4244: 'argument': conversion from 'int' to 'GLfloat', possible loss of data
     1>project3\printer.cpp(23): warning C4244: 'argument': conversion from 'int' to 'GLfloat', possible loss of data
     1>project3\printer.cpp(24): warning C4244: 'argument': conversion from 'int' to 'GLfloat', possible loss of data
     1>project3\printer.cpp(28): warning C4244: 'argument': conversion from 'int' to 'GLfloat', possible loss of data
     1>project3\printer.cpp(29): warning C4244: 'argument': conversion from 'int' to 'GLfloat', possible loss of data
     1>project3\printer.cpp(30): warning C4244: 'argument': conversion from 'int' to 'GLfloat', possible loss of data
     1>project3\printer.cpp(31): warning C4244: 'argument': conversion from 'int' to 'GLfloat', possible loss of data
     1>project3\printer.cpp(40): warning C4244: 'argument': conversion from 'int' to 'GLfloat', possible loss of data
     1>project3\printer.cpp(41): warning C4244: 'argument': conversion from 'int' to 'GLfloat', possible loss of data
     1>project3\printer.cpp(42): warning C4244: 'argument': conversion from 'int' to 'GLfloat', possible loss of data
     1>project3\printer.cpp(43): warning C4244: 'argument': conversion from 'int' to 'GLfloat', possible loss of data
     1>project3\printer.cpp(47): warning C4244: 'argument': conversion from 'int' to 'GLfloat', possible loss of data
     1>project3\printer.cpp(48): warning C4244: 'argument': conversion from 'int' to 'GLfloat', possible loss of data
     1>project3\printer.cpp(52): warning C4244: 'argument': conversion from 'int' to 'GLfloat', possible loss of data
     1>project3\printer.cpp(53): warning C4244: 'argument': conversion from 'int' to 'GLfloat', possible loss of data
     1>project3\printer.cpp(54): warning C4244: 'argument': conversion from 'int' to 'GLfloat', possible loss of data
     1>project3\printer.cpp(58): warning C4244: 'argument': conversion from 'int' to 'GLfloat', possible loss of data
     1>project3\printer.cpp(59): warning C4244: 'argument': conversion from 'int' to 'GLfloat', possible loss of data
     1>project3\printer.cpp(67): warning C4244: 'argument': conversion from 'int' to 'GLfloat', possible loss of data
     1>project3\printer.cpp(68): warning C4244: 'argument': conversion from 'int' to 'GLfloat', possible loss of data
     1>project3\printer.cpp(69): warning C4244: 'argument': conversion from 'int' to 'GLfloat', possible loss of data
     1>project3\printer.cpp(70): warning C4244: 'argument': conversion from 'int' to 'GLfloat', possible loss of data
     1>project3\printer.cpp(74): warning C4244: 'argument': conversion from 'int' to 'GLfloat', possible loss of data
     1>project3\printer.cpp(75): warning C4244: 'argument': conversion from 'int' to 'GLfloat', possible loss of data
     1>project3\printer.cpp(79): warning C4244: 'argument': conversion from 'int' to 'GLfloat', possible loss of data
     1>project3\printer.cpp(80): warning C4244: 'argument': conversion from 'int' to 'GLfloat', possible loss of data
     1>project3\printer.cpp(81): warning C4244: 'argument': conversion from 'int' to 'GLfloat', possible loss of data
     1>project3\printer.cpp(85): warning C4244: 'argument': conversion from 'int' to 'GLfloat', possible loss of data
     1>project3\printer.cpp(86): warning C4244: 'argument': conversion from 'int' to 'GLfloat', possible loss of data
     1>project3\printer.cpp(87): warning C4244: 'argument': conversion from 'int' to 'GLfloat', possible loss of data
     1>project3\printer.cpp(88): warning C4244: 'argument': conversion from 'int' to 'GLfloat', possible loss of data
     1>project3\printer.cpp(92): warning C4244: 'argument': conversion from 'int' to 'GLfloat', possible loss of data
     1>project3\printer.cpp(93): warning C4244: 'argument': conversion from 'int' to 'GLfloat', possible loss of data
     1>project3\printer.cpp(129): warning C4244: 'argument': conversion from 'int' to 'GLfloat', possible loss of data
     1>project3\printer.cpp(142): warning C4244: 'argument': conversion from 'double' to 'GLfloat', possible loss of data
     1>project3\printer.cpp(152): warning C4244: 'argument': conversion from 'int' to 'GLfloat', possible loss of data
     1>project3\printer.cpp(153): warning C4244: 'argument': conversion from 'int' to 'GLfloat', possible loss of data
     1>project3\printer.cpp(154): warning C4244: 'argument': conversion from 'int' to 'GLfloat', possible loss of data
     1>project3\printer.cpp(155): warning C4244: 'argument': conversion from 'int' to 'GLfloat', possible loss of data
     1>project3\printer.cpp(159): warning C4244: 'argument': conversion from 'int' to 'GLfloat', possible loss of data
     1>project3\printer.cpp(160): warning C4244: 'argument': conversion from 'int' to 'GLfloat', possible loss of data
     1>project3\printer.cpp(161): warning C4244: 'argument': conversion from 'int' to 'GLfloat', possible loss of data
     1>project3\printer.cpp(162): warning C4244: 'argument': conversion from 'int' to 'GLfloat', possible loss of data
     1>project3\printer.cpp(175): warning C4244: 'argument': conversion from 'double' to 'GLfloat', possible loss of data
     1>project3\printer.cpp(180): warning C4244: 'argument': conversion from 'int' to 'GLfloat', possible loss of data
     1>project3\printer.cpp(181): warning C4244: 'argument': conversion from 'int' to 'GLfloat', possible loss of data
     1>project3\printer.cpp(182): warning C4244: 'argument': conversion from 'int' to 'GLfloat', possible loss of data
     1>project3\printer.cpp(183): warning C4244: 'argument': conversion from 'int' to 'GLfloat', possible loss of data
     1>project3\printer.cpp(195): warning C4244: 'argument': conversion from 'int' to 'GLfloat', possible loss of data
     1>project3\printer.cpp(196): warning C4244: 'argument': conversion from 'int' to 'GLfloat', possible loss of data
     1>project3\printer.cpp(200): warning C4244: 'argument': conversion from 'double' to 'GLfloat', possible loss of data
     1>project3\printer.cpp(201): warning C4244: 'argument': conversion from 'double' to 'GLfloat', possible loss of data
     1>project3\printer.cpp(202): warning C4244: 'argument': conversion from 'double' to 'GLfloat', possible loss of data
     1>project3\printer.cpp(203): warning C4244: 'argument': conversion from 'double' to 'GLfloat', possible loss of data
     1>project3\printer.cpp(207): warning C4244: 'argument': conversion from 'double' to 'GLfloat', possible loss of data
     1>project3\printer.cpp(208): warning C4244: 'argument': conversion from 'double' to 'GLfloat', possible loss of data
     1>project3\printer.cpp(209): warning C4244: 'argument': conversion from 'double' to 'GLfloat', possible loss of data
     1>project3\printer.cpp(210): warning C4244: 'argument': conversion from 'double' to 'GLfloat', possible loss of data
     1>project3\printer.cpp(216): warning C4244: 'argument': conversion from 'double' to 'GLfloat', possible loss of data
     1>project3\printer.cpp(221): warning C4244: 'argument': conversion from 'double' to 'GLfloat', possible loss of data
     1>project3\printer.cpp(222): warning C4244: 'argument': conversion from 'double' to 'GLfloat', possible loss of data
     1>project3\printer.cpp(226): warning C4244: 'argument': conversion from 'double' to 'GLfloat', possible loss of data
     1>project3\printer.cpp(227): warning C4244: 'argument': conversion from 'double' to 'GLfloat', possible loss of data
     1>project3\printer.cpp(228): warning C4244: 'argument': conversion from 'double' to 'GLfloat', possible loss of data
     1>project3\printer.cpp(229): warning C4244: 'argument': conversion from 'double' to 'GLfloat', possible loss of data
     1>project3\printer.cpp(230): warning C4244: 'argument': conversion from 'double' to 'GLfloat', possible loss of data
     1>project3\printer.cpp(231): warning C4244: 'argument': conversion from 'double' to 'GLfloat', possible loss of data
     1>project3\printer.cpp(235): warning C4244: 'argument': conversion from 'double' to 'GLfloat', possible loss of data
     1>project3\printer.cpp(236): warning C4244: 'argument': conversion from 'double' to 'GLfloat', possible loss of data
     1>project3\printer.cpp(245): warning C4244: 'argument': conversion from 'int' to 'GLfloat', possible loss of data
     1>project3\printer.cpp(246): warning C4244: 'argument': conversion from 'int' to 'GLfloat', possible loss of data
     1>project3\printer.cpp(247): warning C4244: 'argument': conversion from 'int' to 'GLfloat', possible loss of data
     1>project3\printer.cpp(248): warning C4244: 'argument': conversion from 'int' to 'GLfloat', possible loss of data
     1>project3\printer.cpp(251): warning C4244: 'argument': conversion from 'int' to 'GLfloat', possible loss of data
     1>project3\printer.cpp(288): warning C4305: 'argument': truncation from 'double' to 'GLfloat'
     1>project3\printer.cpp(289): warning C4305: 'argument': truncation from 'double' to 'GLfloat'
     1>project3\printer.cpp(290): warning C4305: 'argument': truncation from 'double' to 'GLfloat'
     1>project3\printer.cpp(298): warning C4305: 'argument': truncation from 'double' to 'GLfloat'
     1>project3\printer.cpp(302): warning C4305: 'argument': truncation from 'double' to 'GLfloat'
     1>project3\printer.cpp(303): warning C4305: 'argument': truncation from 'double' to 'GLfloat'
     1>project3\printer.cpp(304): warning C4305: 'argument': truncation from 'double' to 'GLfloat'
     1>project3\printer.cpp(320): warning C4305: 'argument': truncation from 'double' to 'GLfloat'
     1>project3\printer.cpp(324): warning C4305: 'argument': truncation from 'double' to 'GLfloat'
     1>project3\printer.cpp(325): warning C4305: 'argument': truncation from 'double' to 'GLfloat'
     1>project3\printer.cpp(326): warning C4305: 'argument': truncation from 'double' to 'GLfloat'
     1>project3\printer.cpp(341): warning C4305: 'argument': truncation from 'double' to 'GLfloat'
     1>project3\printer.cpp(345): warning C4305: 'argument': truncation from 'double' to 'GLfloat'
     1>project3\printer.cpp(346): warning C4305: 'argument': truncation from 'double' to 'GLfloat'
     1>project3\printer.cpp(347): warning C4305: 'argument': truncation from 'double' to 'GLfloat'
       Link:
         C:\Program Files (x86)\Microsoft Visual Studio 14.0\VC\bin\link.exe /ERRORREPORT:PROMPT /OUT:"C:\Users\Administrator\Documents\Visual Studio 2015\Projects\Project3\Debug\Minesweeper.exe" /INCREMENTAL /NOLOGO "C:\Users\Administrator\Documents\Visual Studio 2015\Projects\Project3\packages\nupengl.core.0.1.0.1\build\native\../..//build/native/lib/Win32\glew32.lib" "C:\Users\Administrator\Documents\Visual Studio 2015\Projects\Project3\packages\nupengl.core.0.1.0.1\build\native\../..//build/native/lib/Win32\glfw3dll.lib" "C:\Users\Administrator\Documents\Visual Studio 2015\Projects\Project3\packages\nupengl.core.0.1.0.1\build\native\../..//build/native/lib/Win32\freeglut.lib" kernel32.lib user32.lib gdi32.lib winspool.lib comdlg32.lib advapi32.lib shell32.lib ole32.lib oleaut32.lib uuid.lib odbc32.lib odbccp32.lib /MANIFEST /MANIFESTUAC:"level='asInvoker' uiAccess='false'" /manifest:embed /Debug /PDB:"C:\Users\Administrator\Documents\Visual Studio 2015\Projects\Project3\Debug\Minesweeper.pdb" /SUBSYSTEM:CONSOLE /TLBID:1 /DYNAMICBASE /NXCOMPAT /IMPLIB:"C:\Users\Administrator\Documents\Visual Studio 2015\Projects\Project3\Debug\Minesweeper.lib" /MACHINE:X86 Debug\game.obj
         Debug\main.obj
         Debug\printer.obj
         Debug\subWindow.obj
         Minesweeper.vcxproj -> C:\Users\Administrator\Documents\Visual Studio 2015\Projects\Project3\Debug\Minesweeper.exe
     1>Done Building Project "C:\Users\Administrator\Documents\Visual Studio 2015\Projects\Project3\Minesweeper.vcxproj" (Build target(s)).

Build succeeded.

Time Elapsed 00:00:06.78
