Build started 2016/4/9 22:08:29.
     1>Project "C:\Users\Administrator\Documents\Visual Studio 2015\Projects\Project3\Project3\Project3.vcxproj" on node 2 (Build target(s)).
     1>ClCompile:
         C:\Program Files (x86)\Microsoft Visual Studio 14.0\VC\bin\CL.exe /c /I"C:\Users\Administrator\Documents\Visual Studio 2015\Projects\Project3\packages\nupengl.core.0.1.0.1\build\native\../..//build/native/include/" /ZI /nologo /W3 /WX- /sdl /Od /Oy- /D _MBCS /Gm /EHsc /RTC1 /MDd /GS /fp:precise /Zc:wchar_t /Zc:forScope /Zc:inline /Fo"Debug\\" /Fd"Debug\vc140.pdb" /Gd /TP /analyze- /errorReport:prompt game.cpp main.cpp printer.cpp
         printer.cpp
     1>c:\users\administrator\documents\visual studio 2015\projects\project3\project3\printer.cpp(11): warning C4244: 'argument': conversion from 'int' to 'GLfloat', possible loss of data
     1>c:\users\administrator\documents\visual studio 2015\projects\project3\project3\printer.cpp(12): warning C4244: 'argument': conversion from 'int' to 'GLfloat', possible loss of data
     1>c:\users\administrator\documents\visual studio 2015\projects\project3\project3\printer.cpp(13): warning C4244: 'argument': conversion from 'int' to 'GLfloat', possible loss of data
     1>c:\users\administrator\documents\visual studio 2015\projects\project3\project3\printer.cpp(14): warning C4244: 'argument': conversion from 'int' to 'GLfloat', possible loss of data
     1>c:\users\administrator\documents\visual studio 2015\projects\project3\project3\printer.cpp(18): warning C4244: 'argument': conversion from 'int' to 'GLfloat', possible loss of data
     1>c:\users\administrator\documents\visual studio 2015\projects\project3\project3\printer.cpp(19): warning C4244: 'argument': conversion from 'int' to 'GLfloat', possible loss of data
     1>c:\users\administrator\documents\visual studio 2015\projects\project3\project3\printer.cpp(20): warning C4244: 'argument': conversion from 'int' to 'GLfloat', possible loss of data
     1>c:\users\administrator\documents\visual studio 2015\projects\project3\project3\printer.cpp(21): warning C4244: 'argument': conversion from 'int' to 'GLfloat', possible loss of data
     1>c:\users\administrator\documents\visual studio 2015\projects\project3\project3\printer.cpp(25): warning C4244: 'argument': conversion from 'int' to 'GLfloat', possible loss of data
     1>c:\users\administrator\documents\visual studio 2015\projects\project3\project3\printer.cpp(26): warning C4244: 'argument': conversion from 'int' to 'GLfloat', possible loss of data
     1>c:\users\administrator\documents\visual studio 2015\projects\project3\project3\printer.cpp(27): warning C4244: 'argument': conversion from 'int' to 'GLfloat', possible loss of data
     1>c:\users\administrator\documents\visual studio 2015\projects\project3\project3\printer.cpp(28): warning C4244: 'argument': conversion from 'int' to 'GLfloat', possible loss of data
     1>c:\users\administrator\documents\visual studio 2015\projects\project3\project3\printer.cpp(37): warning C4244: 'argument': conversion from 'int' to 'GLfloat', possible loss of data
     1>c:\users\administrator\documents\visual studio 2015\projects\project3\project3\printer.cpp(38): warning C4244: 'argument': conversion from 'int' to 'GLfloat', possible loss of data
     1>c:\users\administrator\documents\visual studio 2015\projects\project3\project3\printer.cpp(39): warning C4244: 'argument': conversion from 'int' to 'GLfloat', possible loss of data
     1>c:\users\administrator\documents\visual studio 2015\projects\project3\project3\printer.cpp(40): warning C4244: 'argument': conversion from 'int' to 'GLfloat', possible loss of data
     1>c:\users\administrator\documents\visual studio 2015\projects\project3\project3\printer.cpp(44): warning C4244: 'argument': conversion from 'int' to 'GLfloat', possible loss of data
     1>c:\users\administrator\documents\visual studio 2015\projects\project3\project3\printer.cpp(45): warning C4244: 'argument': conversion from 'int' to 'GLfloat', possible loss of data
     1>c:\users\administrator\documents\visual studio 2015\projects\project3\project3\printer.cpp(49): warning C4244: 'argument': conversion from 'int' to 'GLfloat', possible loss of data
     1>c:\users\administrator\documents\visual studio 2015\projects\project3\project3\printer.cpp(50): warning C4244: 'argument': conversion from 'int' to 'GLfloat', possible loss of data
     1>c:\users\administrator\documents\visual studio 2015\projects\project3\project3\printer.cpp(51): warning C4244: 'argument': conversion from 'int' to 'GLfloat', possible loss of data
     1>c:\users\administrator\documents\visual studio 2015\projects\project3\project3\printer.cpp(87): warning C4244: 'argument': conversion from 'int' to 'GLfloat', possible loss of data
     1>c:\users\administrator\documents\visual studio 2015\projects\project3\project3\printer.cpp(99): warning C4244: 'argument': conversion from 'double' to 'GLfloat', possible loss of data
     1>c:\users\administrator\documents\visual studio 2015\projects\project3\project3\printer.cpp(109): warning C4244: 'argument': conversion from 'int' to 'GLfloat', possible loss of data
     1>c:\users\administrator\documents\visual studio 2015\projects\project3\project3\printer.cpp(110): warning C4244: 'argument': conversion from 'int' to 'GLfloat', possible loss of data
     1>c:\users\administrator\documents\visual studio 2015\projects\project3\project3\printer.cpp(111): warning C4244: 'argument': conversion from 'int' to 'GLfloat', possible loss of data
     1>c:\users\administrator\documents\visual studio 2015\projects\project3\project3\printer.cpp(112): warning C4244: 'argument': conversion from 'int' to 'GLfloat', possible loss of data
     1>c:\users\administrator\documents\visual studio 2015\projects\project3\project3\printer.cpp(116): warning C4244: 'argument': conversion from 'int' to 'GLfloat', possible loss of data
     1>c:\users\administrator\documents\visual studio 2015\projects\project3\project3\printer.cpp(117): warning C4244: 'argument': conversion from 'int' to 'GLfloat', possible loss of data
     1>c:\users\administrator\documents\visual studio 2015\projects\project3\project3\printer.cpp(118): warning C4244: 'argument': conversion from 'int' to 'GLfloat', possible loss of data
     1>c:\users\administrator\documents\visual studio 2015\projects\project3\project3\printer.cpp(119): warning C4244: 'argument': conversion from 'int' to 'GLfloat', possible loss of data
         main.cpp
     1>c:\users\administrator\documents\visual studio 2015\projects\project3\project3\main.cpp(1): warning C4067: unexpected tokens following preprocessor directive - expected a newline
         game.cpp
         Generating Code...
       Link:
         C:\Program Files (x86)\Microsoft Visual Studio 14.0\VC\bin\link.exe /ERRORREPORT:PROMPT /OUT:"C:\Users\Administrator\Documents\Visual Studio 2015\Projects\Project3\Debug\minesweeper.exe" /INCREMENTAL /NOLOGO "C:\Users\Administrator\Documents\Visual Studio 2015\Projects\Project3\packages\nupengl.core.0.1.0.1\build\native\../..//build/native/lib/Win32\glew32.lib" "C:\Users\Administrator\Documents\Visual Studio 2015\Projects\Project3\packages\nupengl.core.0.1.0.1\build\native\../..//build/native/lib/Win32\glfw3dll.lib" "C:\Users\Administrator\Documents\Visual Studio 2015\Projects\Project3\packages\nupengl.core.0.1.0.1\build\native\../..//build/native/lib/Win32\freeglut.lib" kernel32.lib user32.lib gdi32.lib winspool.lib comdlg32.lib advapi32.lib shell32.lib ole32.lib oleaut32.lib uuid.lib odbc32.lib odbccp32.lib /MANIFEST /MANIFESTUAC:"level='asInvoker' uiAccess='false'" /manifest:embed /Debug /PDB:"C:\Users\Administrator\Documents\Visual Studio 2015\Projects\Project3\Debug\minesweeper.pdb" /TLBID:1 /DYNAMICBASE /NXCOMPAT /IMPLIB:"C:\Users\Administrator\Documents\Visual Studio 2015\Projects\Project3\Debug\minesweeper.lib" /MACHINE:X86 Debug\game.obj
         Debug\main.obj
         Debug\printer.obj
         Project3.vcxproj -> C:\Users\Administrator\Documents\Visual Studio 2015\Projects\Project3\Debug\minesweeper.exe
     1>Done Building Project "C:\Users\Administrator\Documents\Visual Studio 2015\Projects\Project3\Project3\Project3.vcxproj" (Build target(s)).

Build succeeded.

Time Elapsed 00:00:10.03
